<?xml version="1.0" encoding="UTF-8"?>
<!-- Generated by org.testng.reporters.JUnitXMLReporter -->
<testsuite ignored="0" hostname="DESKTOP-PH58IT2" failures="1" tests="1" name="Sample test2" time="0.029" errors="0" timestamp="2025-02-04T23:25:06 IST">
  <testcase classname="com.testng.learning.Test2" name="testSalutationMessage" time="0.02">
    <failure type="java.lang.AssertionError" message="expected [Hi!Kunja] but found [Hi!Manisha]">
      <![CDATA[java.lang.AssertionError: expected [Hi!Kunja] but found [Hi!Manisha]
at com.testng.learning.Test2.testSalutationMessage(Test2.java:15)
at java.base/java.util.ArrayList.forEach(ArrayList.java:1541)
... Removed 33 stack frames]]>
    </failure>
  </testcase> <!-- testSalutationMessage -->
</testsuite> <!-- Sample test2 -->
