<?xml version="1.0" encoding="UTF-8"?>
<!-- Generated by org.testng.reporters.JUnitXMLReporter -->
<testsuite ignored="1" hostname="DESKTOP-PH58IT2" failures="0" tests="1" name="Default test" time="0.064" errors="0" timestamp="2025-02-07T21:43:42 IST">
  <testcase classname="com.testng.learning.IgnoreTest" name="testSolutionMessage" time="0.011"/>
  <testcase classname="com.testng.learning.IgnoreTest" name="testPrintMessage" time="0.0">
    <ignored/>
  </testcase> <!-- testPrintMessage -->
</testsuite> <!-- Default test -->
