<?xml version="1.0" encoding="UTF-8"?>
<!-- Generated by org.testng.reporters.JUnitXMLReporter -->
<testsuite ignored="3" hostname="DESKTOP-PH58IT2" failures="0" tests="1" name="Default test" time="2.018" errors="0" timestamp="2025-05-02T20:32:06 IST">
  <testcase classname="com.learn.rest_assured.GetUsingBddChain" name="testDeleteResourceUsingChain" time="1.959"/>
  <testcase classname="com.learn.rest_assured.GetUsingBddChain" name="testUpdateResourceUsingChain" time="0.0">
    <ignored/>
  </testcase> <!-- testUpdateResourceUsingChain -->
  <testcase classname="com.learn.rest_assured.GetUsingBddChain" name="testGetEmployeeUsingChain" time="0.0">
    <ignored/>
  </testcase> <!-- testGetEmployeeUsingChain -->
  <testcase classname="com.learn.rest_assured.GetUsingBddChain" name="testCreateResourceUsingChain" time="0.0">
    <ignored/>
  </testcase> <!-- testCreateResourceUsingChain -->
</testsuite> <!-- Default test -->
