<?xml version="1.0" encoding="UTF-8"?>
<testng-results ignored="0" total="1" passed="1" failed="0" skipped="0">
  <reporter-output>
  </reporter-output>
  <suite started-at="2025-01-27T22:38:39 IST" name="Default suite" finished-at="2025-01-27T22:38:39 IST" duration-ms="88">
    <groups>
    </groups>
    <test started-at="2025-01-27T22:38:39 IST" name="Default test" finished-at="2025-01-27T22:38:39 IST" duration-ms="88">
      <class name="com.testng.learning.TestNGSimpleTest">
        <test-method signature="addTest()[pri:0, instance:com.testng.learning.TestNGSimpleTest@799f10e1]" started-at="2025-01-27T22:38:39 IST" name="addTest" finished-at="2025-01-27T22:38:39 IST" duration-ms="14" status="PASS">
          <reporter-output>
          </reporter-output>
        </test-method> <!-- addTest -->
      </class> <!-- com.testng.learning.TestNGSimpleTest -->
    </test> <!-- Default test -->
  </suite> <!-- Default suite -->
</testng-results>
