<?xml version="1.0" encoding="UTF-8"?>
<testng-results ignored="0" total="2" passed="2" failed="0" skipped="0">
  <reporter-output>
  </reporter-output>
  <suite started-at="2025-02-04T23:30:42 IST" name="SampleTest" finished-at="2025-02-04T23:30:42 IST" duration-ms="137">
    <groups>
    </groups>
    <test started-at="2025-02-04T23:30:42 IST" name="Sampletest1" finished-at="2025-02-04T23:30:42 IST" duration-ms="56">
      <class name="com.testng.learning.Test1">
        <test-method signature="testPrintMessage()[pri:0, instance:com.testng.learning.Test1@38cee291]" started-at="2025-02-04T23:30:42 IST" name="testPrintMessage" finished-at="2025-02-04T23:30:42 IST" duration-ms="10" status="PASS">
          <reporter-output>
          </reporter-output>
        </test-method> <!-- testPrintMessage -->
      </class> <!-- com.testng.learning.Test1 -->
    </test> <!-- Sampletest1 -->
    <test started-at="2025-02-04T23:30:42 IST" name="Sampletest2" finished-at="2025-02-04T23:30:42 IST" duration-ms="7">
      <class name="com.testng.learning.Test2">
        <test-method signature="testSalutationMessage()[pri:0, instance:com.testng.learning.Test2@35dab4eb]" started-at="2025-02-04T23:30:42 IST" name="testSalutationMessage" finished-at="2025-02-04T23:30:42 IST" duration-ms="2" status="PASS">
          <reporter-output>
          </reporter-output>
        </test-method> <!-- testSalutationMessage -->
      </class> <!-- com.testng.learning.Test2 -->
    </test> <!-- Sampletest2 -->
  </suite> <!-- SampleTest -->
</testng-results>
