<?xml version="1.0" encoding="UTF-8"?>
<testng-results ignored="0" total="4" passed="4" failed="0" skipped="0">
  <reporter-output>
  </reporter-output>
  <suite started-at="2025-02-13T21:34:07 IST" name="Default suite" finished-at="2025-02-13T21:34:12 IST" duration-ms="4477">
    <groups>
    </groups>
    <test started-at="2025-02-13T21:34:07 IST" name="Default test" finished-at="2025-02-13T21:34:12 IST" duration-ms="4477">
      <class name="com.learn.restAPI.HTTPRequestMethod">
        <test-method signature="getUsers()[pri:1, instance:com.learn.restAPI.HTTPRequestMethod@3a7442c7]" started-at="2025-02-13T21:34:07 IST" name="getUsers" finished-at="2025-02-13T21:34:10 IST" duration-ms="2776" status="PASS">
          <reporter-output>
          </reporter-output>
        </test-method> <!-- getUsers -->
        <test-method signature="createUser()[pri:2, instance:com.learn.restAPI.HTTPRequestMethod@3a7442c7]" started-at="2025-02-13T21:34:10 IST" name="createUser" finished-at="2025-02-13T21:34:11 IST" duration-ms="834" status="PASS">
          <reporter-output>
          </reporter-output>
        </test-method> <!-- createUser -->
        <test-method signature="updateUser()[pri:3, instance:com.learn.restAPI.HTTPRequestMethod@3a7442c7]" started-at="2025-02-13T21:34:11 IST" name="updateUser" finished-at="2025-02-13T21:34:11 IST" depends-on-methods="com.learn.restAPI.HTTPRequestMethod.createUser" duration-ms="417" status="PASS">
          <reporter-output>
          </reporter-output>
        </test-method> <!-- updateUser -->
        <test-method signature="deleteUser()[pri:4, instance:com.learn.restAPI.HTTPRequestMethod@3a7442c7]" started-at="2025-02-13T21:34:11 IST" name="deleteUser" finished-at="2025-02-13T21:34:12 IST" depends-on-methods="com.learn.restAPI.HTTPRequestMethod.updateUser" duration-ms="390" status="PASS">
          <reporter-output>
          </reporter-output>
        </test-method> <!-- deleteUser -->
      </class> <!-- com.learn.restAPI.HTTPRequestMethod -->
    </test> <!-- Default test -->
  </suite> <!-- Default suite -->
</testng-results>
