<?xml version="1.0" encoding="UTF-8"?>
<testng-results ignored="0" total="1" passed="1" failed="0" skipped="0">
  <reporter-output>
  </reporter-output>
  <suite started-at="2025-05-06T21:09:54 IST" name="Default suite" finished-at="2025-05-06T21:09:55 IST" duration-ms="488">
    <groups>
    </groups>
    <test started-at="2025-05-06T21:09:54 IST" name="Default test" finished-at="2025-05-06T21:09:55 IST" duration-ms="488">
      <class name="com.learn.rest_assured.StudentRunner">
        <test-method signature="testPojoSerializationWithObjectMappper()[pri:0, instance:com.learn.rest_assured.StudentRunner@38afe297]" started-at="2025-05-06T21:09:54 IST" name="testPojoSerializationWithObjectMappper" finished-at="2025-05-06T21:09:55 IST" duration-ms="425" status="PASS">
          <reporter-output>
          </reporter-output>
        </test-method> <!-- testPojoSerializationWithObjectMappper -->
      </class> <!-- com.learn.rest_assured.StudentRunner -->
    </test> <!-- Default test -->
  </suite> <!-- Default suite -->
</testng-results>
