<?xml version="1.0" encoding="UTF-8"?>
<testng-results ignored="0" total="1" passed="1" failed="0" skipped="0">
  <reporter-output>
  </reporter-output>
  <suite started-at="2025-05-02T20:32:04 IST" name="Default suite" finished-at="2025-05-02T20:32:06 IST" duration-ms="2018">
    <groups>
    </groups>
    <test started-at="2025-05-02T20:32:04 IST" name="Default test" finished-at="2025-05-02T20:32:06 IST" duration-ms="2018">
      <class name="com.learn.rest_assured.GetUsingBddChain">
        <test-method signature="testDeleteResourceUsingChain()[pri:0, instance:com.learn.rest_assured.GetUsingBddChain@77f1baf5]" started-at="2025-05-02T20:32:04 IST" name="testDeleteResourceUsingChain" finished-at="2025-05-02T20:32:06 IST" duration-ms="1959" status="PASS">
          <reporter-output>
          </reporter-output>
        </test-method> <!-- testDeleteResourceUsingChain -->
      </class> <!-- com.learn.rest_assured.GetUsingBddChain -->
    </test> <!-- Default test -->
  </suite> <!-- Default suite -->
</testng-results>
