<?xml version="1.0" encoding="UTF-8"?>
<testng-results ignored="0" total="1" passed="1" failed="0" skipped="0">
  <reporter-output>
  </reporter-output>
  <suite started-at="2025-01-30T21:48:12 IST" name="Default suite" finished-at="2025-01-30T21:48:12 IST" duration-ms="59">
    <groups>
    </groups>
    <test started-at="2025-01-30T21:48:12 IST" name="Default test" finished-at="2025-01-30T21:48:12 IST" duration-ms="59">
      <class name="com.selenium.learning.SampleTest">
        <test-method signature="printMessage()[pri:0, instance:com.selenium.learning.SampleTest@55a147cc]" started-at="2025-01-30T21:48:12 IST" name="printMessage" finished-at="2025-01-30T21:48:12 IST" duration-ms="12" status="PASS">
          <reporter-output>
          </reporter-output>
        </test-method> <!-- printMessage -->
      </class> <!-- com.selenium.learning.SampleTest -->
    </test> <!-- Default test -->
  </suite> <!-- Default suite -->
</testng-results>
