<?xml version="1.0" encoding="UTF-8"?>
<testng-results ignored="0" total="1" passed="1" failed="0" skipped="0">
  <reporter-output>
  </reporter-output>
  <suite started-at="2025-01-27T21:54:19 IST" name="Suite1" finished-at="2025-01-27T21:54:19 IST" duration-ms="76">
    <groups>
    </groups>
    <test started-at="2025-01-27T21:54:19 IST" name="test1" finished-at="2025-01-27T21:54:19 IST" duration-ms="76">
      <class name="com.testng.learning.TestNGSimpleTest">
        <test-method signature="addTest()[pri:0, instance:com.testng.learning.TestNGSimpleTest@7d8995e]" started-at="2025-01-27T21:54:19 IST" name="addTest" finished-at="2025-01-27T21:54:19 IST" duration-ms="13" status="PASS">
          <reporter-output>
          </reporter-output>
        </test-method> <!-- addTest -->
      </class> <!-- com.testng.learning.TestNGSimpleTest -->
    </test> <!-- test1 -->
  </suite> <!-- Suite1 -->
</testng-results>
