<?xml version="1.0" encoding="UTF-8"?>
<testng-results ignored="0" total="1" passed="1" failed="0" skipped="0">
  <reporter-output>
  </reporter-output>
  <suite started-at="2025-02-12T22:13:47 IST" name="Default suite" finished-at="2025-02-12T22:15:26 IST" duration-ms="98654">
    <groups>
    </groups>
    <test started-at="2025-02-12T22:13:47 IST" name="Default test" finished-at="2025-02-12T22:15:26 IST" duration-ms="98654">
      <class name="com.selenium.learning.BrowserInvoke">
        <test-method is-config="true" signature="setUp()[pri:0, instance:com.selenium.learning.BrowserInvoke@cb0755b]" started-at="2025-02-12T22:13:47 IST" name="setUp" finished-at="2025-02-12T22:13:50 IST" duration-ms="3035" status="PASS">
          <reporter-output>
          </reporter-output>
        </test-method> <!-- setUp -->
        <test-method signature="launchApplication()[pri:0, instance:com.selenium.learning.BrowserInvoke@cb0755b]" started-at="2025-02-12T22:13:50 IST" name="launchApplication" finished-at="2025-02-12T22:15:20 IST" duration-ms="90155" status="PASS">
          <reporter-output>
          </reporter-output>
        </test-method> <!-- launchApplication -->
        <test-method is-config="true" signature="tearDown()[pri:0, instance:com.selenium.learning.BrowserInvoke@cb0755b]" started-at="2025-02-12T22:15:21 IST" name="tearDown" finished-at="2025-02-12T22:15:26 IST" duration-ms="5391" status="PASS">
          <reporter-output>
          </reporter-output>
        </test-method> <!-- tearDown -->
      </class> <!-- com.selenium.learning.BrowserInvoke -->
    </test> <!-- Default test -->
  </suite> <!-- Default suite -->
</testng-results>
