<?xml version="1.0" encoding="UTF-8"?>
<testng-results ignored="0" total="3" passed="3" failed="0" skipped="0">
  <reporter-output>
  </reporter-output>
  <suite started-at="2025-03-31T23:33:27 IST" name="Suite" finished-at="2025-03-31T23:33:42 IST" duration-ms="14792">
    <groups>
    </groups>
    <test started-at="2025-03-31T23:33:27 IST" name="chrome" finished-at="2025-03-31T23:33:35 IST" duration-ms="8157">
      <class name="com.selenium.learning.LoginWithParallelExecution">
        <test-method is-config="true" signature="setUp(java.lang.String)[pri:0, instance:com.selenium.learning.LoginWithParallelExecution@70cf32e3]" started-at="2025-03-31T23:33:27 IST" name="setUp" finished-at="2025-03-31T23:33:32 IST" duration-ms="4887" status="PASS">
          <params>
            <param index="0">
              <value>
                <![CDATA[chrome]]>
              </value>
            </param>
          </params>
          <reporter-output>
          </reporter-output>
        </test-method> <!-- setUp -->
        <test-method signature="loginWithParallelTest()[pri:0, instance:com.selenium.learning.LoginWithParallelExecution@70cf32e3]" started-at="2025-03-31T23:33:32 IST" name="loginWithParallelTest" finished-at="2025-03-31T23:33:35 IST" duration-ms="2770" status="PASS">
          <reporter-output>
          </reporter-output>
        </test-method> <!-- loginWithParallelTest -->
        <test-method is-config="true" signature="tearDown()[pri:0, instance:com.selenium.learning.LoginWithParallelExecution@70cf32e3]" started-at="2025-03-31T23:33:35 IST" name="tearDown" finished-at="2025-03-31T23:33:35 IST" duration-ms="428" status="PASS">
          <reporter-output>
          </reporter-output>
        </test-method> <!-- tearDown -->
      </class> <!-- com.selenium.learning.LoginWithParallelExecution -->
    </test> <!-- chrome -->
    <test started-at="2025-03-31T23:33:27 IST" name="edge" finished-at="2025-03-31T23:33:38 IST" duration-ms="11167">
      <class name="com.selenium.learning.LoginWithParallelExecution">
        <test-method is-config="true" signature="setUp(java.lang.String)[pri:0, instance:com.selenium.learning.LoginWithParallelExecution@1f9e9475]" started-at="2025-03-31T23:33:27 IST" name="setUp" finished-at="2025-03-31T23:33:34 IST" duration-ms="7112" status="PASS">
          <params>
            <param index="0">
              <value>
                <![CDATA[edge]]>
              </value>
            </param>
          </params>
          <reporter-output>
          </reporter-output>
        </test-method> <!-- setUp -->
        <test-method signature="loginWithParallelTest()[pri:0, instance:com.selenium.learning.LoginWithParallelExecution@1f9e9475]" started-at="2025-03-31T23:33:34 IST" name="loginWithParallelTest" finished-at="2025-03-31T23:33:37 IST" duration-ms="2584" status="PASS">
          <reporter-output>
          </reporter-output>
        </test-method> <!-- loginWithParallelTest -->
        <test-method is-config="true" signature="tearDown()[pri:0, instance:com.selenium.learning.LoginWithParallelExecution@1f9e9475]" started-at="2025-03-31T23:33:37 IST" name="tearDown" finished-at="2025-03-31T23:33:38 IST" duration-ms="1407" status="PASS">
          <reporter-output>
          </reporter-output>
        </test-method> <!-- tearDown -->
      </class> <!-- com.selenium.learning.LoginWithParallelExecution -->
    </test> <!-- edge -->
    <test started-at="2025-03-31T23:33:27 IST" name="firefox" finished-at="2025-03-31T23:33:42 IST" duration-ms="14792">
      <class name="com.selenium.learning.LoginWithParallelExecution">
        <test-method is-config="true" signature="setUp(java.lang.String)[pri:0, instance:com.selenium.learning.LoginWithParallelExecution@d23e042]" started-at="2025-03-31T23:33:27 IST" name="setUp" finished-at="2025-03-31T23:33:37 IST" duration-ms="9689" status="PASS">
          <params>
            <param index="0">
              <value>
                <![CDATA[firefox]]>
              </value>
            </param>
          </params>
          <reporter-output>
          </reporter-output>
        </test-method> <!-- setUp -->
        <test-method signature="loginWithParallelTest()[pri:0, instance:com.selenium.learning.LoginWithParallelExecution@d23e042]" started-at="2025-03-31T23:33:37 IST" name="loginWithParallelTest" finished-at="2025-03-31T23:33:41 IST" duration-ms="3753" status="PASS">
          <reporter-output>
          </reporter-output>
        </test-method> <!-- loginWithParallelTest -->
        <test-method is-config="true" signature="tearDown()[pri:0, instance:com.selenium.learning.LoginWithParallelExecution@d23e042]" started-at="2025-03-31T23:33:41 IST" name="tearDown" finished-at="2025-03-31T23:33:42 IST" duration-ms="1288" status="PASS">
          <reporter-output>
          </reporter-output>
        </test-method> <!-- tearDown -->
      </class> <!-- com.selenium.learning.LoginWithParallelExecution -->
    </test> <!-- firefox -->
  </suite> <!-- Suite -->
</testng-results>
