<?xml version="1.0" encoding="UTF-8"?>
<testng-results ignored="0" total="1" passed="1" failed="0" skipped="0">
  <reporter-output>
  </reporter-output>
  <suite started-at="2025-03-31T17:49:10 IST" name="Default suite" finished-at="2025-03-31T17:49:28 IST" duration-ms="18149">
    <groups>
    </groups>
    <test started-at="2025-03-31T17:49:10 IST" name="Default test" finished-at="2025-03-31T17:49:28 IST" duration-ms="18149">
      <class name="com.selenium.learning.RunnerForAlert">
        <test-method is-config="true" signature="setup()[pri:0, instance:com.selenium.learning.RunnerForAlert@480d3575]" started-at="2025-03-31T17:49:10 IST" name="setup" finished-at="2025-03-31T17:49:13 IST" duration-ms="3153" status="PASS">
          <reporter-output>
          </reporter-output>
        </test-method> <!-- setup -->
        <test-method signature="runAlert()[pri:0, instance:com.selenium.learning.RunnerForAlert@480d3575]" started-at="2025-03-31T17:49:13 IST" name="runAlert" finished-at="2025-03-31T17:49:26 IST" duration-ms="12684" status="PASS">
          <reporter-output>
          </reporter-output>
        </test-method> <!-- runAlert -->
        <test-method is-config="true" signature="tearDown()[pri:0, instance:com.selenium.learning.RunnerForAlert@480d3575]" started-at="2025-03-31T17:49:26 IST" name="tearDown" finished-at="2025-03-31T17:49:28 IST" duration-ms="2261" status="PASS">
          <reporter-output>
          </reporter-output>
        </test-method> <!-- tearDown -->
      </class> <!-- com.selenium.learning.RunnerForAlert -->
    </test> <!-- Default test -->
  </suite> <!-- Default suite -->
</testng-results>
