<?xml version="1.0" encoding="UTF-8"?>
<testng-results ignored="0" total="1" passed="1" failed="0" skipped="0">
  <reporter-output>
  </reporter-output>
  <suite started-at="2025-04-12T22:39:16 IST" name="Default suite" finished-at="2025-04-12T22:39:18 IST" duration-ms="2588">
    <groups>
    </groups>
    <test started-at="2025-04-12T22:39:16 IST" name="Default test" finished-at="2025-04-12T22:39:18 IST" duration-ms="2588">
      <class name="com.learn.restAPI.POSTRequestWithJSON">
        <test-method signature="testPostRequestWithMap()[pri:0, instance:com.learn.restAPI.POSTRequestWithJSON@24313fcc]" started-at="2025-04-12T22:39:16 IST" name="testPostRequestWithMap" finished-at="2025-04-12T22:39:18 IST" duration-ms="2532" status="PASS">
          <reporter-output>
          </reporter-output>
        </test-method> <!-- testPostRequestWithMap -->
      </class> <!-- com.learn.restAPI.POSTRequestWithJSON -->
    </test> <!-- Default test -->
  </suite> <!-- Default suite -->
</testng-results>
