<?xml version="1.0" encoding="UTF-8"?>
<!-- Generated by org.testng.reporters.JUnitXMLReporter -->
<testsuite ignored="0" hostname="DESKTOP-PH58IT2" failures="0" tests="3" name="Sampletest1" time="0.087" errors="0" timestamp="2025-02-07T22:10:08 IST">
  <testcase classname="com.testng.learning.GroupTestExample" name="testPrintMessage" time="0.012"/>
  <testcase classname="com.testng.learning.GroupTestExample" name="testSalutationMessage" time="0.002"/>
  <testcase classname="com.testng.learning.GroupTestExample" name="testingExitMessage" time="0.002"/>
</testsuite> <!-- Sampletest1 -->
