<?xml version="1.0" encoding="UTF-8"?>
<!-- Generated by org.testng.reporters.JUnitXMLReporter -->
<testsuite ignored="0" hostname="DESKTOP-PH58IT2" failures="1" tests="3" name="Sampletest1" time="0.116" errors="0" timestamp="2025-02-09T23:20:41 IST">
  <testcase classname="com.testng.learning.DependencyTestUsingAnnotation" name="iniEnvironement" time="0.01"/>
  <testcase classname="com.testng.learning.DependencyTestUsingAnnotation" name="testPrintMessage" time="0.006"/>
  <testcase classname="com.testng.learning.DependencyTestUsingAnnotation" name="testSolutionMessage" time="0.022">
    <failure type="java.lang.AssertionError" message="expected [tutorialspointKunja] but found [Hi!Kunja]">
      <![CDATA[java.lang.AssertionError: expected [tutorialspointKunja] but found [Hi!Kunja]
at com.testng.learning.DependencyTestUsingAnnotation.testSolutionMessage(DependencyTestUsingAnnotation.java:22)
at java.base/java.util.ArrayList.forEach(ArrayList.java:1541)
... Removed 33 stack frames]]>
    </failure>
  </testcase> <!-- testSolutionMessage -->
</testsuite> <!-- Sampletest1 -->
